Attempting to parse Ravel_-_Miroirs_III._Une_Barque_sur_l'ocean.mscx
MC 6 is completing MC 5 but has not been excluded from bar count!
MC 12 is longer 7/8 than its nominal duration 3/4.
MC 13 (1/4) and MC 14 (5/8) don't add up to 3/4.
MC 18 is completing MC 17 but has not been excluded from bar count!
MC 24 is longer 7/8 than its nominal duration 3/4.
MC 25 (1/4) and MC 26 (5/8) don't add up to 3/4.
MC 35 is completing MC 34 but has not been excluded from bar count!
MC 43 is completing MC 42 but has not been excluded from bar count!
MC 45 (3/4) and MC 46 (3/8) don't add up to 1.
MC 48 (3/4) and MC 49 (3/8) don't add up to 1.
MC 50 (3/4) and MC 51 (3/4) don't add up to 1.
MC 52 (1/2) and MC 53 (1/2) don't add up to 5/4.
MC 79 is completing MC 78 but has not been excluded from bar count!
MC 84 is completing MC 83 but has not been excluded from bar count!
MC 102 is completing MC 101 but has not been excluded from bar count!
MC 104 (3/4) and MC 105 (3/4) don't add up to 1.
MC 106 (3/4) and MC 107 (1) don't add up to 1.
MC 136 is longer 3/4 than its nominal duration 1/2.
MC 144 is longer 5/8 than its nominal duration 1/2.
MC 147 (1/2) and MC 148 (1/2) don't add up to 3/4.
MC 149 (5/8) and MC 150 (3/4) don't add up to 3/4.
Done parsing Ravel_-_Miroirs_III._Une_Barque_sur_l'ocean.mscx

