Warnings encountered during the last execution of ms3 review (v1.0.2)
=====================================================================

INCOMPLETE_MC_WRONGLY_COMPLETED_WARNING (3, 12) ms3.Parse.ravel_piano.Ravel_-_Jeux_dEau -- /usr/local/lib/python3.10/site-packages/ms3/bs4_measures.py (line 753) make_offset_col():
	The incomplete MC 12 (timesig 1, act_dur 1/4) is completed by 1 incorrect duration (expected: 3/4):
	{13: Fraction(1, 1)}INCOMPLETE_MC_WRONGLY_COMPLETED_WARNING (3, 75) ms3.Parse.ravel_piano.Ravel_-_Jeux_dEau -- /usr/local/lib/python3.10/site-packages/ms3/bs4_measures.py (line 753) make_offset_col():
	The incomplete MC 75 (timesig 1, act_dur 3/8) is completed by 1 incorrect duration (expected: 5/8):
	{76: Fraction(1, 1)}INCOMPLETE_MC_WRONGLY_COMPLETED_WARNING (3, 17) ms3.Parse.ravel_piano.Ravel_-_Miroirs_II_Oiseaux_tristes -- /usr/local/lib/python3.10/site-packages/ms3/bs4_measures.py (line 753) make_offset_col():
	The incomplete MC 17 (timesig 1, act_dur 9/16) is completed by 1 incorrect duration (expected: 7/16):
	{18: Fraction(1, 2)}MCS_NOT_EXCLUDED_FROM_BARCOUNT_WARNING (1, 14, 16, 18, 20, 25, 28) ms3.Parse.ravel_piano.Ravel_-_Miroirs_II_Oiseaux_tristes -- /usr/local/lib/python3.10/site-packages/ms3/bs4_measures.py (line 204) check_measure_numbers():
	MCs 14, 16, 18, 20, 25, 28 seem to be offset from the MN's beginning but have not been excluded from barcount. Context:
	    mc  mn act_dur mc_offset  dont_count  numbering_offset
	12  13  13     1/2         0        <NA>              <NA>
	13  14  14     1/2       1/2        <NA>              <NA>
	14  15  15     1/2         0        <NA>              <NA>
	15  16  16     1/2       1/2        <NA>              <NA>
	16  17  17    9/16         0        <NA>              <NA>
	17  18  18     1/2       1/2        <NA>              <NA>
	18  19  19     1/4         0        <NA>              <NA>
	19  20  20     3/4       1/4        <NA>              <NA>
	20  21  21       1         0        <NA>              <NA>
	23  24  24     1/2         0        <NA>              <NA>
	24  25  25     1/2       1/2        <NA>              <NA>
	25  26  26       1         0        <NA>              <NA>
	26  27  27     1/2         0        <NA>              <NA>
	27  28  28     1/2       1/2        <NA>              <NA>
	28  29  29       1         0        <NA>              <NA>INCOMPLETE_MC_WRONGLY_COMPLETED_WARNING (3, 13) ms3.Parse.ravel_piano.Ravel_-_Miroirs_III_Une_Barque_sur_l'ocean -- /usr/local/lib/python3.10/site-packages/ms3/bs4_measures.py (line 753) make_offset_col():
	The incomplete MC 13 (timesig 3/4, act_dur 1/4) is completed by 1 incorrect duration (expected: 1/2):
	{14: Fraction(5, 8)}INCOMPLETE_MC_WRONGLY_COMPLETED_WARNING (3, 25) ms3.Parse.ravel_piano.Ravel_-_Miroirs_III_Une_Barque_sur_l'ocean -- /usr/local/lib/python3.10/site-packages/ms3/bs4_measures.py (line 753) make_offset_col():
	The incomplete MC 25 (timesig 3/4, act_dur 1/4) is completed by 1 incorrect duration (expected: 1/2):
	{26: Fraction(5, 8)}INCOMPLETE_MC_WRONGLY_COMPLETED_WARNING (3, 45) ms3.Parse.ravel_piano.Ravel_-_Miroirs_III_Une_Barque_sur_l'ocean -- /usr/local/lib/python3.10/site-packages/ms3/bs4_measures.py (line 753) make_offset_col():
	The incomplete MC 45 (timesig 1, act_dur 3/4) is completed by 1 incorrect duration (expected: 1/4):
	{46: Fraction(3, 8)}INCOMPLETE_MC_WRONGLY_COMPLETED_WARNING (3, 48) ms3.Parse.ravel_piano.Ravel_-_Miroirs_III_Une_Barque_sur_l'ocean -- /usr/local/lib/python3.10/site-packages/ms3/bs4_measures.py (line 753) make_offset_col():
	The incomplete MC 48 (timesig 1, act_dur 3/4) is completed by 1 incorrect duration (expected: 1/4):
	{49: Fraction(3, 8)}INCOMPLETE_MC_WRONGLY_COMPLETED_WARNING (3, 50) ms3.Parse.ravel_piano.Ravel_-_Miroirs_III_Une_Barque_sur_l'ocean -- /usr/local/lib/python3.10/site-packages/ms3/bs4_measures.py (line 753) make_offset_col():
	The incomplete MC 50 (timesig 1, act_dur 3/4) is completed by 1 incorrect duration (expected: 1/4):
	{51: Fraction(3, 4)}INCOMPLETE_MC_WRONGLY_COMPLETED_WARNING (3, 52) ms3.Parse.ravel_piano.Ravel_-_Miroirs_III_Une_Barque_sur_l'ocean -- /usr/local/lib/python3.10/site-packages/ms3/bs4_measures.py (line 753) make_offset_col():
	The incomplete MC 52 (timesig 5/4, act_dur 1/2) is completed by 1 incorrect duration (expected: 3/4):
	{53: Fraction(1, 2)}INCOMPLETE_MC_WRONGLY_COMPLETED_WARNING (3, 104) ms3.Parse.ravel_piano.Ravel_-_Miroirs_III_Une_Barque_sur_l'ocean -- /usr/local/lib/python3.10/site-packages/ms3/bs4_measures.py (line 753) make_offset_col():
	The incomplete MC 104 (timesig 1, act_dur 3/4) is completed by 1 incorrect duration (expected: 1/4):
	{105: Fraction(3, 4)}INCOMPLETE_MC_WRONGLY_COMPLETED_WARNING (3, 106) ms3.Parse.ravel_piano.Ravel_-_Miroirs_III_Une_Barque_sur_l'ocean -- /usr/local/lib/python3.10/site-packages/ms3/bs4_measures.py (line 753) make_offset_col():
	The incomplete MC 106 (timesig 1, act_dur 3/4) is completed by 1 incorrect duration (expected: 1/4):
	{107: Fraction(1, 1)}INCOMPLETE_MC_WRONGLY_COMPLETED_WARNING (3, 147) ms3.Parse.ravel_piano.Ravel_-_Miroirs_III_Une_Barque_sur_l'ocean -- /usr/local/lib/python3.10/site-packages/ms3/bs4_measures.py (line 753) make_offset_col():
	The incomplete MC 147 (timesig 3/4, act_dur 1/2) is completed by 1 incorrect duration (expected: 1/4):
	{148: Fraction(1, 2)}INCOMPLETE_MC_WRONGLY_COMPLETED_WARNING (3, 149) ms3.Parse.ravel_piano.Ravel_-_Miroirs_III_Une_Barque_sur_l'ocean -- /usr/local/lib/python3.10/site-packages/ms3/bs4_measures.py (line 753) make_offset_col():
	The incomplete MC 149 (timesig 3/4, act_dur 5/8) is completed by 1 incorrect duration (expected: 1/8):
	{150: Fraction(3, 4)}MCS_NOT_EXCLUDED_FROM_BARCOUNT_WARNING (1, 6, 14, 18, 26, 35, 43, 46, 49, 51, 79, 84, 102, 105, 148) ms3.Parse.ravel_piano.Ravel_-_Miroirs_III_Une_Barque_sur_l'ocean -- /usr/local/lib/python3.10/site-packages/ms3/bs4_measures.py (line 204) check_measure_numbers():
	MCs 6, 14, 18, 26, 35, 43, 46, 49, 51, 79, 84, 102, 105, 148 seem to be offset from the MN's beginning but have not been excluded from barcount. Context:
	      mc   mn act_dur mc_offset  dont_count  numbering_offset
	4      5    5     1/4         0        <NA>              <NA>
	5      6    6     1/4       1/4        <NA>              <NA>
	6      7    7     1/2         0        <NA>              <NA>
	12    13   13     1/4         0        <NA>              <NA>
	13    14   14     5/8       1/8        <NA>              <NA>
	14    15   15     1/2         0        <NA>              <NA>
	16    17   17     1/4         0        <NA>              <NA>
	17    18   18     1/4       1/4        <NA>              <NA>
	18    19   19     1/2         0        <NA>              <NA>
	24    25   25     1/4         0        <NA>              <NA>
	25    26   26     5/8       1/8        <NA>              <NA>
	26    27   27     1/2         0        <NA>              <NA>
	33    34   34     1/4         0        <NA>              <NA>
	34    35   35     1/2       1/4        <NA>              <NA>
	35    36   36     3/4         0        <NA>              <NA>
	41    42   42     1/2         0        <NA>              <NA>
	42    43   43     1/4       1/2        <NA>              <NA>
	43    44   44     3/4         0        <NA>              <NA>
	44    45   45     3/4         0        <NA>              <NA>
	45    46   46     3/8       5/8        <NA>              <NA>
	46    47   47     3/4         0        <NA>              <NA>
	47    48   48     3/4         0        <NA>              <NA>
	48    49   49     3/8       5/8        <NA>              <NA>
	49    50   50     3/4         0        <NA>              <NA>
	50    51   51     3/4       1/2        <NA>              <NA>
	51    52   52     1/2         0        <NA>              <NA>
	77    78   78     3/4         0        <NA>              <NA>
	78    79   79     1/4       3/4        <NA>              <NA>
	79    80   80     3/4         0        <NA>              <NA>
	82    83   83     3/4         0        <NA>              <NA>
	83    84   84     1/2       3/4        <NA>              <NA>
	84    85   85     1/2         0        <NA>              <NA>
	100  101  101     1/2         0        <NA>              <NA>
	101  102  102     1/2       1/2        <NA>              <NA>
	102  103  103       1         0        <NA>              <NA>
	103  104  104     3/4         0        <NA>              <NA>
	104  105  105     3/4       1/4        <NA>              <NA>
	105  106  106     3/4         0        <NA>              <NA>
	146  147  147     1/2         0        <NA>              <NA>
	147  148  148     1/2       1/4        <NA>              <NA>
	148  149  149     5/8         0        <NA>              <NA>DCML_HARMONY_SUPERFLUOUS_TONE_REPLACEMENT_WARNING (6, 142, 'V7(6b5)') ms3.Parse.ravel_piano.Ravel_-_Miroirs_III_Une_Barque_sur_l'ocean -- /usr/local/lib/python3.10/site-packages/ms3/utils.py (line 4123) features2tpcs():
	MC 142: V7(6b5) results in a chord tone 5 AND its replacement(s) [-3].Chord labels where the ratio of colored notes vs. all notes in a segment lies above 0.6:
                                                                       mc   mn mc_onset            label       chord_tones added_tones  n_colored  n_untouched  count_ratio
ravel_piano MS3/Ravel_-_Jeux_dEau.mscx                           130   46   46        0     vi.vii%7(#4)     (5, 2, 11, 3)          ()          6            3     0.666667
                                                                 133   46   46      3/8     vii%7(9)/iii    (2, -1, -4, 0)        (4,)          9            0     1.000000
                                                                 134   46   46      1/2        vii%7(#4)     (5, 2, 11, 3)          ()          6            3     0.666667
                                                                 137   46   46      7/8     vii%7(9)/iii    (2, -1, -4, 0)        (4,)          9            0     1.000000
                                                                 138   47   47        0        vii%7(#4)     (5, 2, 11, 3)          ()          6            3     0.666667
                                                                 141   47   47      3/8     vii%7(9)/iii    (2, -1, -4, 0)        (4,)          9            0     1.000000
                                                                 142   47   47      1/2        vii%7(#4)     (5, 2, 11, 3)          ()          6            3     0.666667
                                                                 145   47   47      7/8     vii%7(9)/iii    (2, -1, -4, 0)        (4,)          9            0     1.000000
            MS3/Ravel_-_Miroirs_III._Une_Barque_sur_l'ocean.mscx 78    39   39        0            #vi%2      (6, 8, 5, 2)          ()          9            4     0.692308
                                                                 99    58   58        0      I[bVI43(#4)     (16, 1, 3, 7)          ()          4            2     0.666667
                                                                 100   58   58     1/12       bVI43(#2)]     (4, 1, 3, 19)          ()          2            0     1.000000
            MS3/Ravel_-_Miroirs_IV._Alborada_del_gracioso.mscx   76    39   39      3/4                V       (-4, 0, -3)          ()          4            1     0.800000
                                                                 80    40   40      3/4                V       (-4, 0, -3)          ()          4            1     0.800000
                                                                 161   85   85      3/8             IV.I         (1, 5, 2)          ()          7            4     0.636364
                                                                 294  195  195      1/8          ii65(4)      (3, 5, 2, 4)          ()          2            1     0.666667
                                                                 325  209  209        0  bvii.V7(94)/bII  (-4, -5, -3, -6)       (-2,)         18            0     1.000000